<?xml version="1.0" encoding="UTF-8"?>
<!-- Generated by org.testng.reporters.JUnitReportReporter -->
<testsuite hostname="CSGVTVLT207" failures="0" tests="3" name="com.qa.demowebshop.tests.LoginPageTest" time="1.570" errors="0" timestamp="2025-01-30T17:05:31 IST" skipped="0">
  <testcase classname="com.qa.demowebshop.tests.LoginPageTest" name="LoginPageNavigationTest" time="0.754"/>
  <system-out/>
  <testcase classname="com.qa.demowebshop.tests.LoginPageTest" name="forgotPWDlinkExistTest" time="0.225"/>
  <system-out/>
  <testcase classname="com.qa.demowebshop.tests.LoginPageTest" name="appLoginTest" time="0.591"/>
  <system-out/>
</testsuite> <!-- com.qa.demowebshop.tests.LoginPageTest -->
