<?xml version="1.0" encoding="UTF-8"?>
<!-- Generated by org.testng.reporters.JUnitReportReporter -->
<testsuite hostname="CSGVTVLT207" failures="0" tests="3" name="com.qa.demowebshop.tests.HomePageTest" time="0.314" errors="0" timestamp="2025-01-30T17:05:31 IST" skipped="0">
  <testcase classname="com.qa.demowebshop.tests.HomePageTest" name="getHomePageURLTest" time="0.002"/>
  <system-out/>
  <testcase classname="com.qa.demowebshop.tests.HomePageTest" name="getHomePageTittleTest" time="0.033"/>
  <system-out/>
  <testcase classname="com.qa.demowebshop.tests.HomePageTest" name="searchTest" time="0.279"/>
  <system-out/>
</testsuite> <!-- com.qa.demowebshop.tests.HomePageTest -->
