<?xml version="1.0" encoding="UTF-8"?>
<!-- Generated by org.testng.reporters.JUnitReportReporter -->
<testsuite hostname="CSGVTVLT207" failures="0" tests="3" name="com.qa.demowebshop.tests.TC02_LoginPageTest" time="1.425" errors="0" timestamp="2025-03-06T10:38:18 IST" skipped="0">
  <testcase classname="com.qa.demowebshop.tests.TC02_LoginPageTest" name="LoginPageNavigationTest" time="0.444"/>
  <system-out/>
  <testcase classname="com.qa.demowebshop.tests.TC02_LoginPageTest" name="forgotPWDlinkExistTest" time="0.005"/>
  <system-out/>
  <testcase classname="com.qa.demowebshop.tests.TC02_LoginPageTest" name="appLoginTest" time="0.976"/>
  <system-out/>
</testsuite> <!-- com.qa.demowebshop.tests.TC02_LoginPageTest -->
