<?xml version="1.0" encoding="UTF-8"?>
<!-- Generated by org.testng.reporters.JUnitReportReporter -->
<testsuite hostname="CSGVTVLT207" failures="0" tests="3" name="com.qa.demowebshop.tests.TC01_HomePageTest" time="0.462" errors="0" timestamp="2025-03-06T10:38:18 IST" skipped="0">
  <testcase classname="com.qa.demowebshop.tests.TC01_HomePageTest" name="getHomePageURLTest" time="0.003"/>
  <system-out/>
  <testcase classname="com.qa.demowebshop.tests.TC01_HomePageTest" name="getHomePageTittleTest" time="0.032"/>
  <system-out/>
  <testcase classname="com.qa.demowebshop.tests.TC01_HomePageTest" name="searchTest" time="0.427"/>
  <system-out/>
</testsuite> <!-- com.qa.demowebshop.tests.TC01_HomePageTest -->
