<?xml version="1.0" encoding="UTF-8"?>
<!-- Generated by org.testng.reporters.JUnitReportReporter -->
<testsuite hostname="CSGVTVLT207" failures="0" tests="3" name="com.qa.demowebshop.tests.TC02_LoginPageTest" time="0.954" errors="0" timestamp="2025-02-14T16:37:53 IST" skipped="0">
  <testcase classname="com.qa.demowebshop.tests.TC02_LoginPageTest" name="LoginPageNavigationTest" time="0.428"/>
  <system-out/>
  <testcase classname="com.qa.demowebshop.tests.TC02_LoginPageTest" name="forgotPWDlinkExistTest" time="0.007"/>
  <system-out/>
  <testcase classname="com.qa.demowebshop.tests.TC02_LoginPageTest" name="appLoginTest" time="0.519"/>
  <system-out/>
</testsuite> <!-- com.qa.demowebshop.tests.TC02_LoginPageTest -->
