<?xml version="1.0" encoding="UTF-8"?>
<!-- Generated by org.testng.reporters.JUnitReportReporter -->
<testsuite hostname="CSGVTVLT207" failures="0" tests="3" name="com.qa.demowebshop.tests.TC01_HomePageTest" time="0.429" errors="0" timestamp="2025-03-20T17:11:22 IST" skipped="0">
  <testcase classname="com.qa.demowebshop.tests.TC01_HomePageTest" name="searchTest" time="0.390"/>
  <system-out/>
  <testcase classname="com.qa.demowebshop.tests.TC01_HomePageTest" name="getHomePageTittleTest" time="0.037"/>
  <system-out/>
  <testcase classname="com.qa.demowebshop.tests.TC01_HomePageTest" name="getHomePageURLTest" time="0.002"/>
  <system-out/>
</testsuite> <!-- com.qa.demowebshop.tests.TC01_HomePageTest -->
