<?xml version="1.0" encoding="UTF-8"?>
<!-- Generated by org.testng.reporters.JUnitReportReporter -->
<testsuite hostname="CSGVTVLT207" failures="0" tests="3" name="com.qa.demowebshop.tests.TC02_LoginPageTest" time="1.503" errors="0" timestamp="2025-03-05T12:23:04 IST" skipped="0">
  <testcase classname="com.qa.demowebshop.tests.TC02_LoginPageTest" name="LoginPageNavigationTest" time="0.467"/>
  <system-out/>
  <testcase classname="com.qa.demowebshop.tests.TC02_LoginPageTest" name="forgotPWDlinkExistTest" time="0.007"/>
  <system-out/>
  <testcase classname="com.qa.demowebshop.tests.TC02_LoginPageTest" name="appLoginTest" time="1.029"/>
  <system-out/>
</testsuite> <!-- com.qa.demowebshop.tests.TC02_LoginPageTest -->
