<?xml version="1.0" encoding="UTF-8"?>
<!-- Generated by org.testng.reporters.JUnitReportReporter -->
<testsuite hostname="CSGVTVLT207" failures="0" tests="3" name="com.qa.demowebshop.tests.TC01_HomePageTest" time="0.320" errors="0" timestamp="2025-03-17T21:43:57 IST" skipped="0">
  <testcase classname="com.qa.demowebshop.tests.TC01_HomePageTest" name="getHomePageTittleTest" time="0.043"/>
  <system-out/>
  <testcase classname="com.qa.demowebshop.tests.TC01_HomePageTest" name="getHomePageURLTest" time="0.005"/>
  <system-out/>
  <testcase classname="com.qa.demowebshop.tests.TC01_HomePageTest" name="searchTest" time="0.272"/>
  <system-out/>
</testsuite> <!-- com.qa.demowebshop.tests.TC01_HomePageTest -->
